<?xml version="1.0" encoding="UTF-8"?>
<!-- Generated by org.testng.reporters.JUnitXMLReporter -->
<testsuite ignored="4" hostname="BEAST-OF-ARITRA14" failures="0" tests="14" name="chromeTest" time="38.194" errors="0" timestamp="2025-09-10T16:59:10 IST">
  <testcase classname="tests.LoginTest" name="verifyLoginUIElements" time="0.993"/>
  <testcase classname="tests.LoginTest" name="loginWithValidPhoneAndPassword" time="3.014"/>
  <testcase classname="tests.LoginTest" name="loginWithValidPhoneAndPassword" time="3.861"/>
  <testcase classname="tests.ProductTest" name="searchElectronicItem" time="0.168"/>
  <testcase classname="tests.ProductTest" name="searchElectronicItem" time="3.757"/>
  <testcase classname="tests.ProductTest" name="sortResults" time="0.097"/>
  <testcase classname="tests.ProductTest" name="sortResults" time="0.352"/>
  <testcase classname="tests.ProductTest" name="sortResults" time="0.362"/>
  <testcase classname="tests.ProductTest" name="applyFilters" time="9.196"/>
  <testcase classname="tests.ProductTest" name="selectProduct" time="1.554"/>
  <testcase classname="tests.CartTest" name="addToCart" time="3.076"/>
  <testcase classname="tests.CartTest" name="modifyQuantityAndVerify" time="4.102"/>
  <testcase classname="tests.CartTest" name="proceedToBuyAndCheckAddressPaymentPage" time="4.264"/>
  <testcase classname="tests.CartTest" name="removeItemAndConfirm" time="0.339"/>
  <testcase classname="base.DriverSetup" name="@AfterTest tearDown" time="0.0">
    <ignored/>
  </testcase> <!-- @AfterTest tearDown -->
  <testcase classname="base.DriverSetup" name="@BeforeTest setUp" time="0.0">
    <ignored/>
  </testcase> <!-- @BeforeTest setUp -->
  <testcase classname="base.DriverSetup" name="@AfterTest tearDown" time="0.0">
    <ignored/>
  </testcase> <!-- @AfterTest tearDown -->
  <testcase classname="base.DriverSetup" name="@BeforeTest setUp" time="0.0">
    <ignored/>
  </testcase> <!-- @BeforeTest setUp -->
</testsuite> <!-- chromeTest -->
