<?xml version="1.0" encoding="UTF-8"?>
<!-- Generated by org.testng.reporters.JUnitXMLReporter -->
<testsuite ignored="4" hostname="BEAST-OF-ARITRA14" failures="0" tests="14" name="edgeTest" time="31.048" errors="0" timestamp="2025-09-11T18:29:49 IST">
  <testcase classname="tests.LoginTest" name="verifyLoginUIElements" time="1.815"/>
  <testcase classname="tests.LoginTest" name="loginWithValidPhoneAndPassword" time="3.111"/>
  <testcase classname="tests.LoginTest" name="loginWithValidPhoneAndPassword" time="4.092"/>
  <testcase classname="tests.ProductTest" name="searchElectronicItem" time="0.268"/>
  <testcase classname="tests.ProductTest" name="searchElectronicItem" time="1.978"/>
  <testcase classname="tests.ProductTest" name="sortResults" time="0.14"/>
  <testcase classname="tests.ProductTest" name="sortResults" time="0.416"/>
  <testcase classname="tests.ProductTest" name="sortResults" time="0.344"/>
  <testcase classname="tests.ProductTest" name="applyFilters" time="9.511"/>
  <testcase classname="tests.ProductTest" name="selectProduct" time="1.612"/>
  <testcase classname="tests.CartTest" name="addToCart" time="0.178"/>
  <testcase classname="tests.CartTest" name="modifyQuantityAndVerify" time="0.549"/>
  <testcase classname="tests.CartTest" name="proceedToBuyAndCheckAddressPaymentPage" time="2.112"/>
  <testcase classname="tests.CartTest" name="removeItemAndConfirm" time="0.446"/>
  <testcase classname="base.DriverSetup" name="@BeforeTest setUp" time="0.0">
    <ignored/>
  </testcase> <!-- @BeforeTest setUp -->
  <testcase classname="base.DriverSetup" name="@AfterTest tearDown" time="0.0">
    <ignored/>
  </testcase> <!-- @AfterTest tearDown -->
  <testcase classname="base.DriverSetup" name="@AfterTest tearDown" time="0.0">
    <ignored/>
  </testcase> <!-- @AfterTest tearDown -->
  <testcase classname="base.DriverSetup" name="@BeforeTest setUp" time="0.0">
    <ignored/>
  </testcase> <!-- @BeforeTest setUp -->
</testsuite> <!-- edgeTest -->
