<?xml version="1.0" encoding="UTF-8"?>
<!-- Generated by org.testng.reporters.JUnitXMLReporter -->
<testsuite ignored="4" hostname="BEAST-OF-ARITRA14" failures="0" tests="14" name="edgeTest" time="39.808" errors="0" timestamp="2025-09-10T16:58:32 IST">
  <testcase classname="tests.LoginTest" name="verifyLoginUIElements" time="1.224"/>
  <testcase classname="tests.LoginTest" name="loginWithValidPhoneAndPassword" time="3.039"/>
  <testcase classname="tests.LoginTest" name="loginWithValidPhoneAndPassword" time="4.091"/>
  <testcase classname="tests.ProductTest" name="searchElectronicItem" time="0.283"/>
  <testcase classname="tests.ProductTest" name="searchElectronicItem" time="1.838"/>
  <testcase classname="tests.ProductTest" name="sortResults" time="0.11"/>
  <testcase classname="tests.ProductTest" name="sortResults" time="0.431"/>
  <testcase classname="tests.ProductTest" name="sortResults" time="0.372"/>
  <testcase classname="tests.ProductTest" name="applyFilters" time="9.152"/>
  <testcase classname="tests.ProductTest" name="selectProduct" time="1.663"/>
  <testcase classname="tests.CartTest" name="addToCart" time="3.082"/>
  <testcase classname="tests.CartTest" name="modifyQuantityAndVerify" time="4.091"/>
  <testcase classname="tests.CartTest" name="proceedToBuyAndCheckAddressPaymentPage" time="4.446"/>
  <testcase classname="tests.CartTest" name="removeItemAndConfirm" time="0.942"/>
  <testcase classname="base.DriverSetup" name="@BeforeTest setUp" time="0.0">
    <ignored/>
  </testcase> <!-- @BeforeTest setUp -->
  <testcase classname="base.DriverSetup" name="@AfterTest tearDown" time="0.0">
    <ignored/>
  </testcase> <!-- @AfterTest tearDown -->
  <testcase classname="base.DriverSetup" name="@AfterTest tearDown" time="0.0">
    <ignored/>
  </testcase> <!-- @AfterTest tearDown -->
  <testcase classname="base.DriverSetup" name="@BeforeTest setUp" time="0.0">
    <ignored/>
  </testcase> <!-- @BeforeTest setUp -->
</testsuite> <!-- edgeTest -->
