<?xml version="1.0" encoding="UTF-8"?>
<!-- Generated by org.testng.reporters.JUnitXMLReporter -->
<testsuite ignored="4" hostname="BEAST-OF-ARITRA14" failures="0" tests="14" name="Test" time="66.94" errors="0" timestamp="2025-09-05T10:10:51 IST">
  <testcase classname="tests.LoginTest" name="verifyLoginUIElements" time="2.549"/>
  <testcase classname="tests.LoginTest" name="loginWithValidPhoneAndPassword" time="3.04"/>
  <testcase classname="tests.LoginTest" name="loginWithValidPhoneAndPassword" time="22.798"/>
  <testcase classname="tests.ProductTest" name="searchElectronicItem" time="0.373"/>
  <testcase classname="tests.ProductTest" name="searchElectronicItem" time="2.827"/>
  <testcase classname="tests.ProductTest" name="sortResults" time="0.175"/>
  <testcase classname="tests.ProductTest" name="sortResults" time="0.559"/>
  <testcase classname="tests.ProductTest" name="sortResults" time="0.414"/>
  <testcase classname="tests.ProductTest" name="applyFilters" time="10.109"/>
  <testcase classname="tests.ProductTest" name="selectProduct" time="1.842"/>
  <testcase classname="tests.CartTest" name="addToCart" time="3.174"/>
  <testcase classname="tests.CartTest" name="modifyQuantityAndVerify" time="4.222"/>
  <testcase classname="tests.CartTest" name="removeItemAndConfirm" time="10.06"/>
  <testcase classname="tests.CartTest" name="proceedToBuyAndCheckAddressPaymentPage" time="3.814"/>
  <testcase classname="base.DriverSetup" name="@AfterSuite tearDown" time="0.0">
    <ignored/>
  </testcase> <!-- @AfterSuite tearDown -->
  <testcase classname="base.DriverSetup" name="@BeforeSuite setUp" time="0.0">
    <ignored/>
  </testcase> <!-- @BeforeSuite setUp -->
  <testcase classname="base.DriverSetup" name="@AfterSuite tearDown" time="0.0">
    <ignored/>
  </testcase> <!-- @AfterSuite tearDown -->
  <testcase classname="base.DriverSetup" name="@BeforeSuite setUp" time="0.0">
    <ignored/>
  </testcase> <!-- @BeforeSuite setUp -->
</testsuite> <!-- Test -->
