<?xml version="1.0" encoding="UTF-8"?>
<!-- Generated by org.testng.reporters.JUnitXMLReporter -->
<testsuite ignored="4" hostname="BEAST-OF-ARITRA14" failures="0" tests="14" name="Test" time="34.673" errors="0" timestamp="2025-09-10T16:44:01 IST">
  <testcase classname="tests.LoginTest" name="verifyLoginUIElements" time="1.047"/>
  <testcase classname="tests.LoginTest" name="loginWithValidPhoneAndPassword" time="2.951"/>
  <testcase classname="tests.LoginTest" name="loginWithValidPhoneAndPassword" time="3.788"/>
  <testcase classname="tests.ProductTest" name="searchElectronicItem" time="0.202"/>
  <testcase classname="tests.ProductTest" name="searchElectronicItem" time="2.233"/>
  <testcase classname="tests.ProductTest" name="sortResults" time="0.165"/>
  <testcase classname="tests.ProductTest" name="sortResults" time="0.355"/>
  <testcase classname="tests.ProductTest" name="sortResults" time="0.377"/>
  <testcase classname="tests.ProductTest" name="applyFilters" time="9.325"/>
  <testcase classname="tests.ProductTest" name="selectProduct" time="1.464"/>
  <testcase classname="tests.CartTest" name="addToCart" time="3.081"/>
  <testcase classname="tests.CartTest" name="modifyQuantityAndVerify" time="4.108"/>
  <testcase classname="tests.CartTest" name="proceedToBuyAndCheckAddressPaymentPage" time="4.602"/>
  <testcase classname="tests.CartTest" name="removeItemAndConfirm" time="0.353"/>
  <testcase classname="base.DriverSetup" name="@AfterSuite tearDown" time="0.0">
    <ignored/>
  </testcase> <!-- @AfterSuite tearDown -->
  <testcase classname="base.DriverSetup" name="@BeforeSuite setUp" time="0.0">
    <ignored/>
  </testcase> <!-- @BeforeSuite setUp -->
  <testcase classname="base.DriverSetup" name="@AfterSuite tearDown" time="0.0">
    <ignored/>
  </testcase> <!-- @AfterSuite tearDown -->
  <testcase classname="base.DriverSetup" name="@BeforeSuite setUp" time="0.0">
    <ignored/>
  </testcase> <!-- @BeforeSuite setUp -->
</testsuite> <!-- Test -->
