<?xml version="1.0" encoding="UTF-8"?>
<testng-results ignored="0" total="14" passed="14" failed="0" skipped="0">
  <reporter-output>
  </reporter-output>
  <suite started-at="2025-09-10T12:30:22 IST" name="Suite" finished-at="2025-09-10T12:31:03 IST" duration-ms="40459">
    <groups>
    </groups>
    <test started-at="2025-09-10T12:30:22 IST" name="Test" finished-at="2025-09-10T12:31:03 IST" duration-ms="40459">
      <class name="tests.LoginTest">
        <test-method is-config="true" signature="setUp(java.lang.String)[pri:0, instance:tests.LoginTest@fa4c865]" started-at="2025-09-10T12:30:16 IST" name="setUp" finished-at="2025-09-10T12:30:22 IST" duration-ms="6117" status="PASS">
          <params>
            <param index="0">
              <value>
                <![CDATA[edge]]>
              </value>
            </param>
          </params>
          <reporter-output>
          </reporter-output>
        </test-method> <!-- setUp -->
        <test-method is-config="true" signature="setupReport()[pri:0, instance:tests.LoginTest@fa4c865]" started-at="2025-09-10T12:30:23 IST" name="setupReport" finished-at="2025-09-10T12:30:23 IST" duration-ms="2" status="PASS">
          <reporter-output>
          </reporter-output>
        </test-method> <!-- setupReport -->
        <test-method signature="verifyLoginUIElements()[pri:0, instance:tests.LoginTest@fa4c865]" started-at="2025-09-10T12:30:23 IST" name="verifyLoginUIElements" finished-at="2025-09-10T12:30:25 IST" duration-ms="2380" status="PASS">
          <reporter-output>
          </reporter-output>
        </test-method> <!-- verifyLoginUIElements -->
        <test-method signature="loginWithValidPhoneAndPassword(java.lang.String)[pri:1, instance:tests.LoginTest@fa4c865]" started-at="2025-09-10T12:30:25 IST" name="loginWithValidPhoneAndPassword" data-provider="phoneNumber" finished-at="2025-09-10T12:30:28 IST" duration-ms="3209" status="PASS">
          <params>
            <param index="0">
              <value>
                <![CDATA[81010]]>
              </value>
            </param>
          </params>
          <reporter-output>
          </reporter-output>
        </test-method> <!-- loginWithValidPhoneAndPassword -->
        <test-method signature="loginWithValidPhoneAndPassword(java.lang.String)[pri:1, instance:tests.LoginTest@fa4c865]" started-at="2025-09-10T12:30:28 IST" name="loginWithValidPhoneAndPassword" data-provider="phoneNumber" finished-at="2025-09-10T12:30:33 IST" duration-ms="4393" status="PASS">
          <params>
            <param index="0">
              <value>
                <![CDATA[8101017099]]>
              </value>
            </param>
          </params>
          <reporter-output>
          </reporter-output>
        </test-method> <!-- loginWithValidPhoneAndPassword -->
        <test-method is-config="true" signature="tearDownReport()[pri:0, instance:tests.LoginTest@fa4c865]" started-at="2025-09-10T12:31:03 IST" name="tearDownReport" finished-at="2025-09-10T12:31:03 IST" duration-ms="15" status="PASS">
          <reporter-output>
          </reporter-output>
        </test-method> <!-- tearDownReport -->
        <test-method is-config="true" signature="tearDown()[pri:0, instance:tests.LoginTest@fa4c865]" started-at="2025-09-10T12:31:03 IST" name="tearDown" finished-at="2025-09-10T12:31:03 IST" duration-ms="316" status="PASS">
          <reporter-output>
          </reporter-output>
        </test-method> <!-- tearDown -->
      </class> <!-- tests.LoginTest -->
      <class name="tests.CartTest">
        <test-method is-config="true" signature="setupReport()[pri:0, instance:tests.CartTest@24313fcc]" started-at="2025-09-10T12:30:22 IST" name="setupReport" finished-at="2025-09-10T12:30:23 IST" duration-ms="279" status="PASS">
          <reporter-output>
          </reporter-output>
        </test-method> <!-- setupReport -->
        <test-method signature="addToCart()[pri:0, instance:tests.CartTest@24313fcc]" started-at="2025-09-10T12:30:49 IST" name="addToCart" finished-at="2025-09-10T12:30:52 IST" duration-ms="3165" status="PASS">
          <reporter-output>
          </reporter-output>
        </test-method> <!-- addToCart -->
        <test-method signature="modifyQuantityAndVerify()[pri:1, instance:tests.CartTest@24313fcc]" started-at="2025-09-10T12:30:52 IST" name="modifyQuantityAndVerify" finished-at="2025-09-10T12:30:56 IST" duration-ms="4286" status="PASS">
          <reporter-output>
          </reporter-output>
        </test-method> <!-- modifyQuantityAndVerify -->
        <test-method signature="proceedToBuyAndCheckAddressPaymentPage()[pri:2, instance:tests.CartTest@24313fcc]" started-at="2025-09-10T12:30:56 IST" name="proceedToBuyAndCheckAddressPaymentPage" finished-at="2025-09-10T12:31:02 IST" duration-ms="5122" status="PASS">
          <reporter-output>
          </reporter-output>
        </test-method> <!-- proceedToBuyAndCheckAddressPaymentPage -->
        <test-method signature="removeItemAndConfirm()[pri:3, instance:tests.CartTest@24313fcc]" started-at="2025-09-10T12:31:02 IST" name="removeItemAndConfirm" finished-at="2025-09-10T12:31:02 IST" duration-ms="656" status="PASS">
          <reporter-output>
          </reporter-output>
        </test-method> <!-- removeItemAndConfirm -->
        <test-method is-config="true" signature="tearDownReport()[pri:0, instance:tests.CartTest@24313fcc]" started-at="2025-09-10T12:31:02 IST" name="tearDownReport" finished-at="2025-09-10T12:31:03 IST" duration-ms="453" status="PASS">
          <reporter-output>
          </reporter-output>
        </test-method> <!-- tearDownReport -->
      </class> <!-- tests.CartTest -->
      <class name="tests.ProductTest">
        <test-method is-config="true" signature="setupReport()[pri:0, instance:tests.ProductTest@5e5d171f]" started-at="2025-09-10T12:30:23 IST" name="setupReport" finished-at="2025-09-10T12:30:23 IST" duration-ms="0" status="PASS">
          <reporter-output>
          </reporter-output>
        </test-method> <!-- setupReport -->
        <test-method signature="searchElectronicItem(java.lang.String)[pri:2, instance:tests.ProductTest@5e5d171f]" started-at="2025-09-10T12:30:33 IST" name="searchElectronicItem" data-provider="itemToSearch" finished-at="2025-09-10T12:30:33 IST" duration-ms="226" status="PASS">
          <params>
            <param index="0">
              <value>
                <![CDATA[ ]]>
              </value>
            </param>
          </params>
          <reporter-output>
          </reporter-output>
        </test-method> <!-- searchElectronicItem -->
        <test-method signature="searchElectronicItem(java.lang.String)[pri:2, instance:tests.ProductTest@5e5d171f]" started-at="2025-09-10T12:30:33 IST" name="searchElectronicItem" data-provider="itemToSearch" finished-at="2025-09-10T12:30:35 IST" duration-ms="2556" status="PASS">
          <params>
            <param index="0">
              <value>
                <![CDATA[Mobile phone]]>
              </value>
            </param>
          </params>
          <reporter-output>
          </reporter-output>
        </test-method> <!-- searchElectronicItem -->
        <test-method signature="sortResults(java.lang.String)[pri:3, instance:tests.ProductTest@5e5d171f]" started-at="2025-09-10T12:30:35 IST" name="sortResults" data-provider="sortingCondition" finished-at="2025-09-10T12:30:36 IST" duration-ms="155" status="PASS">
          <params>
            <param index="0">
              <value>
                <![CDATA[popularity]]>
              </value>
            </param>
          </params>
          <reporter-output>
          </reporter-output>
        </test-method> <!-- sortResults -->
        <test-method signature="sortResults(java.lang.String)[pri:3, instance:tests.ProductTest@5e5d171f]" started-at="2025-09-10T12:30:36 IST" name="sortResults" data-provider="sortingCondition" finished-at="2025-09-10T12:30:36 IST" duration-ms="805" status="PASS">
          <params>
            <param index="0">
              <value>
                <![CDATA[High to low]]>
              </value>
            </param>
          </params>
          <reporter-output>
          </reporter-output>
        </test-method> <!-- sortResults -->
        <test-method signature="sortResults(java.lang.String)[pri:3, instance:tests.ProductTest@5e5d171f]" started-at="2025-09-10T12:30:36 IST" name="sortResults" data-provider="sortingCondition" finished-at="2025-09-10T12:30:37 IST" duration-ms="558" status="PASS">
          <params>
            <param index="0">
              <value>
                <![CDATA[Low to high]]>
              </value>
            </param>
          </params>
          <reporter-output>
          </reporter-output>
        </test-method> <!-- sortResults -->
        <test-method signature="applyFilters(java.lang.String,int,int,java.lang.String)[pri:4, instance:tests.ProductTest@5e5d171f]" started-at="2025-09-10T12:30:37 IST" name="applyFilters" data-provider="filters" finished-at="2025-09-10T12:30:47 IST" duration-ms="10012" status="PASS">
          <params>
            <param index="0">
              <value>
                <![CDATA[Redmi]]>
              </value>
            </param>
            <param index="1">
              <value>
                <![CDATA[10000]]>
              </value>
            </param>
            <param index="2">
              <value>
                <![CDATA[20000]]>
              </value>
            </param>
            <param index="3">
              <value>
                <![CDATA[6]]>
              </value>
            </param>
          </params>
          <reporter-output>
          </reporter-output>
        </test-method> <!-- applyFilters -->
        <test-method signature="selectProduct()[pri:5, instance:tests.ProductTest@5e5d171f]" started-at="2025-09-10T12:30:47 IST" name="selectProduct" finished-at="2025-09-10T12:30:49 IST" duration-ms="2108" status="PASS">
          <reporter-output>
          </reporter-output>
        </test-method> <!-- selectProduct -->
        <test-method is-config="true" signature="tearDownReport()[pri:0, instance:tests.ProductTest@5e5d171f]" started-at="2025-09-10T12:31:03 IST" name="tearDownReport" finished-at="2025-09-10T12:31:03 IST" duration-ms="11" status="PASS">
          <reporter-output>
          </reporter-output>
        </test-method> <!-- tearDownReport -->
      </class> <!-- tests.ProductTest -->
    </test> <!-- Test -->
  </suite> <!-- Suite -->
</testng-results>
